{
  "meta": {
    "version": "7.4.4",
    "timestamp": "2026-05-13T14:30:00.000000",
    "branch_coverage": false,
    "show_contexts": false
  },
  "totals": {
    "covered_lines": 850,
    "num_statements": 1000,
    "percent_covered": 85.0,
    "percent_covered_display": "85%",
    "missing_lines": 150,
    "excluded_lines": 12
  },
  "files": {
    "src/tokemize/core/parser/tree_sitter_parser.py": {
      "executed_lines": [1, 2, 3, 5, 8, 12, 15, 18, 22, 25, 30, 35, 40, 45, 50],
      "summary": {
        "covered_lines": 95,
        "num_statements": 110,
        "percent_covered": 86.36,
        "percent_covered_display": "86%",
        "missing_lines": 15,
        "excluded_lines": 2
      },
      "missing_lines": [55, 60, 65, 70, 75, 80, 85, 90, 95, 100, 105, 108, 109, 110, 111],
      "excluded_lines": [1, 2]
    },
    "src/tokemize/core/indexer/faiss_indexer.py": {
      "executed_lines": [1, 2, 3, 5, 8, 12, 15, 18, 22, 25],
      "summary": {
        "covered_lines": 120,
        "num_statements": 140,
        "percent_covered": 85.71,
        "percent_covered_display": "86%",
        "missing_lines": 20,
        "excluded_lines": 3
      },
      "missing_lines": [45, 50, 55, 60, 65, 70, 75, 80, 85, 90, 95, 100, 105, 110, 115, 120, 125, 130, 135, 140],
      "excluded_lines": [1, 2, 3]
    },
    "src/tokemize/core/selector/context_selector.py": {
      "executed_lines": [1, 2, 3, 5, 8, 12, 15, 18, 22, 25, 30],
      "summary": {
        "covered_lines": 88,
        "num_statements": 100,
        "percent_covered": 88.0,
        "percent_covered_display": "88%",
        "missing_lines": 12,
        "excluded_lines": 1
      },
      "missing_lines": [35, 40, 45, 50, 55, 60, 65, 70, 75, 80, 85, 90],
      "excluded_lines": [1]
    },
    "src/tokemize/core/optimizer/pipeline_optimizer.py": {
      "executed_lines": [1, 2, 3, 5, 8, 12, 15, 18, 22, 25, 30, 35],
      "summary": {
        "covered_lines": 75,
        "num_statements": 90,
        "percent_covered": 83.33,
        "percent_covered_display": "83%",
        "missing_lines": 15,
        "excluded_lines": 2
      },
      "missing_lines": [40, 45, 50, 55, 60, 65, 70, 75, 80, 85, 88, 89, 90, 91, 92],
      "excluded_lines": [1, 2]
    },
    "src/tokemize/integrations/llm/openai_client.py": {
      "executed_lines": [1, 2, 3, 5, 8, 12, 15, 18],
      "summary": {
        "covered_lines": 68,
        "num_statements": 80,
        "percent_covered": 85.0,
        "percent_covered_display": "85%",
        "missing_lines": 12,
        "excluded_lines": 1
      },
      "missing_lines": [22, 25, 30, 35, 40, 45, 50, 55, 60, 65, 70, 75],
      "excluded_lines": [1]
    },
    "src/tokemize/integrations/llm/anthropic_client.py": {
      "executed_lines": [1, 2, 3, 5, 8, 12, 15, 18],
      "summary": {
        "covered_lines": 65,
        "num_statements": 78,
        "percent_covered": 83.33,
        "percent_covered_display": "83%",
        "missing_lines": 13,
        "excluded_lines": 1
      },
      "missing_lines": [22, 25, 30, 35, 40, 45, 50, 55, 60, 65, 70, 75, 78],
      "excluded_lines": [1]
    },
    "src/tokemize/integrations/embeddings/embedding_generator.py": {
      "executed_lines": [1, 2, 3, 5, 8, 12, 15, 18, 22],
      "summary": {
        "covered_lines": 72,
        "num_statements": 82,
        "percent_covered": 87.8,
        "percent_covered_display": "88%",
        "missing_lines": 10,
        "excluded_lines": 1
      },
      "missing_lines": [25, 30, 35, 40, 45, 50, 55, 60, 65, 70],
      "excluded_lines": [1]
    },
    "src/tokemize/models/context_chunk.py": {
      "executed_lines": [1, 2, 3, 5, 8, 12, 15, 18, 22, 25, 30, 35, 40],
      "summary": {
        "covered_lines": 55,
        "num_statements": 60,
        "percent_covered": 91.67,
        "percent_covered_display": "92%",
        "missing_lines": 5,
        "excluded_lines": 0
      },
      "missing_lines": [45, 50, 55, 58, 60],
      "excluded_lines": []
    },
    "src/tokemize/config/settings.py": {
      "executed_lines": [1, 2, 3, 5, 8, 12, 15, 18, 22, 25, 30, 35, 40, 45, 50, 55, 60],
      "summary": {
        "covered_lines": 62,
        "num_statements": 70,
        "percent_covered": 88.57,
        "percent_covered_display": "89%",
        "missing_lines": 8,
        "excluded_lines": 1
      },
      "missing_lines": [65, 66, 67, 68, 69, 70, 71, 72],
      "excluded_lines": [1]
    },
    "src/tokemize/main.py": {
      "executed_lines": [1, 2, 3, 5, 8, 12, 15, 18, 22, 25, 30, 35, 40, 45, 50],
      "summary": {
        "covered_lines": 50,
        "num_statements": 60,
        "percent_covered": 83.33,
        "percent_covered_display": "83%",
        "missing_lines": 10,
        "excluded_lines": 0
      },
      "missing_lines": [55, 56, 57, 58, 59, 60, 61, 62, 63, 64],
      "excluded_lines": []
    }
  }
}
